INFO - 2024-05-20 10:48:48 --> Session: Class initialized using 'CodeIgniter\Session\Handlers\FileHandler' driver.
ERROR - 2024-05-20 10:48:48 --> Error connecting to the database: mysqli_sql_exception: Host '138.122.96.181' is not allowed to connect to this MariaDB server in C:\xampp\htdocs\Eleven\pepsicolabbi\system\Database\MySQLi\Connection.php:185
Stack trace:
#0 C:\xampp\htdocs\Eleven\pepsicolabbi\system\Database\MySQLi\Connection.php(185): mysqli->real_connect('gamer64.com', 'gamer65_pepsico', 'GZ2leflMmM@J', 'gamer65_pepsico...', 3306, '', 0)
#1 C:\xampp\htdocs\Eleven\pepsicolabbi\system\Database\BaseConnection.php(391): CodeIgniter\Database\MySQLi\Connection->connect(false)
#2 C:\xampp\htdocs\Eleven\pepsicolabbi\system\Database\BaseConnection.php(574): CodeIgniter\Database\BaseConnection->initialize()
#3 C:\xampp\htdocs\Eleven\pepsicolabbi\system\Database\BaseBuilder.php(1615): CodeIgniter\Database\BaseConnection->query('SELECT *\nFROM `...', Array, false)
#4 C:\xampp\htdocs\Eleven\pepsicolabbi\system\Model.php(237): CodeIgniter\Database\BaseBuilder->get()
#5 C:\xampp\htdocs\Eleven\pepsicolabbi\system\BaseModel.php(624): CodeIgniter\Model->doFindAll(0, 0)
#6 C:\xampp\htdocs\Eleven\pepsicolabbi\app\Helpers\config_helper.php(10): CodeIgniter\BaseModel->findAll()
#7 C:\xampp\htdocs\Eleven\pepsicolabbi\app\Controllers\BaseController.php(81): get_config_bd()
#8 C:\xampp\htdocs\Eleven\pepsicolabbi\app\Controllers\Home.php(10): App\Controllers\BaseController->getData('admin')
#9 C:\xampp\htdocs\Eleven\pepsicolabbi\system\CodeIgniter.php(919): App\Controllers\Home->index()
#10 C:\xampp\htdocs\Eleven\pepsicolabbi\system\CodeIgniter.php(494): CodeIgniter\CodeIgniter->runController(Object(App\Controllers\Home))
#11 C:\xampp\htdocs\Eleven\pepsicolabbi\system\CodeIgniter.php(353): CodeIgniter\CodeIgniter->handleRequest(NULL, Object(Config\Cache), false)
#12 C:\xampp\htdocs\Eleven\pepsicolabbi\index.php(79): CodeIgniter\CodeIgniter->run()
#13 {main}

Next CodeIgniter\Database\Exceptions\DatabaseException: Host '138.122.96.181' is not allowed to connect to this MariaDB server in C:\xampp\htdocs\Eleven\pepsicolabbi\system\Database\MySQLi\Connection.php:229
Stack trace:
#0 C:\xampp\htdocs\Eleven\pepsicolabbi\system\Database\BaseConnection.php(391): CodeIgniter\Database\MySQLi\Connection->connect(false)
#1 C:\xampp\htdocs\Eleven\pepsicolabbi\system\Database\BaseConnection.php(574): CodeIgniter\Database\BaseConnection->initialize()
#2 C:\xampp\htdocs\Eleven\pepsicolabbi\system\Database\BaseBuilder.php(1615): CodeIgniter\Database\BaseConnection->query('SELECT *\nFROM `...', Array, false)
#3 C:\xampp\htdocs\Eleven\pepsicolabbi\system\Model.php(237): CodeIgniter\Database\BaseBuilder->get()
#4 C:\xampp\htdocs\Eleven\pepsicolabbi\system\BaseModel.php(624): CodeIgniter\Model->doFindAll(0, 0)
#5 C:\xampp\htdocs\Eleven\pepsicolabbi\app\Helpers\config_helper.php(10): CodeIgniter\BaseModel->findAll()
#6 C:\xampp\htdocs\Eleven\pepsicolabbi\app\Controllers\BaseController.php(81): get_config_bd()
#7 C:\xampp\htdocs\Eleven\pepsicolabbi\app\Controllers\Home.php(10): App\Controllers\BaseController->getData('admin')
#8 C:\xampp\htdocs\Eleven\pepsicolabbi\system\CodeIgniter.php(919): App\Controllers\Home->index()
#9 C:\xampp\htdocs\Eleven\pepsicolabbi\system\CodeIgniter.php(494): CodeIgniter\CodeIgniter->runController(Object(App\Controllers\Home))
#10 C:\xampp\htdocs\Eleven\pepsicolabbi\system\CodeIgniter.php(353): CodeIgniter\CodeIgniter->handleRequest(NULL, Object(Config\Cache), false)
#11 C:\xampp\htdocs\Eleven\pepsicolabbi\index.php(79): CodeIgniter\CodeIgniter->run()
#12 {main}
CRITICAL - 2024-05-20 10:48:48 --> Unable to connect to the database.
Main connection [MySQLi]: Host '138.122.96.181' is not allowed to connect to this MariaDB server
in SYSTEMPATH\Database\BaseConnection.php on line 427.
 1 SYSTEMPATH\Database\BaseConnection.php(574): CodeIgniter\Database\BaseConnection->initialize()
 2 SYSTEMPATH\Database\BaseBuilder.php(1615): CodeIgniter\Database\BaseConnection->query('SELECT *
FROM `settings`
WHERE `tipo` = :tipo:', [...], false)
 3 SYSTEMPATH\Model.php(237): CodeIgniter\Database\BaseBuilder->get()
 4 SYSTEMPATH\BaseModel.php(624): CodeIgniter\Model->doFindAll(0, 0)
 5 APPPATH\Helpers\config_helper.php(10): CodeIgniter\BaseModel->findAll()
 6 APPPATH\Controllers\BaseController.php(81): get_config_bd()
 7 APPPATH\Controllers\Home.php(10): App\Controllers\BaseController->getData('admin')
 8 SYSTEMPATH\CodeIgniter.php(919): App\Controllers\Home->index()
 9 SYSTEMPATH\CodeIgniter.php(494): CodeIgniter\CodeIgniter->runController(Object(App\Controllers\Home))
10 SYSTEMPATH\CodeIgniter.php(353): CodeIgniter\CodeIgniter->handleRequest(null, Object(Config\Cache), false)
11 FCPATH\index.php(79): CodeIgniter\CodeIgniter->run()
INFO - 2024-05-20 11:05:57 --> Session: Class initialized using 'CodeIgniter\Session\Handlers\FileHandler' driver.
ERROR - 2024-05-20 11:05:57 --> Error connecting to the database: mysqli_sql_exception: Host '138.122.96.181' is not allowed to connect to this MariaDB server in C:\xampp\htdocs\Eleven\pepsicolabbi\system\Database\MySQLi\Connection.php:185
Stack trace:
#0 C:\xampp\htdocs\Eleven\pepsicolabbi\system\Database\MySQLi\Connection.php(185): mysqli->real_connect('gamer64.com', 'gamer65_pepsico', 'GZ2leflMmM@J', 'gamer65_pepsico...', 3306, '', 0)
#1 C:\xampp\htdocs\Eleven\pepsicolabbi\system\Database\BaseConnection.php(391): CodeIgniter\Database\MySQLi\Connection->connect(false)
#2 C:\xampp\htdocs\Eleven\pepsicolabbi\system\Database\BaseConnection.php(574): CodeIgniter\Database\BaseConnection->initialize()
#3 C:\xampp\htdocs\Eleven\pepsicolabbi\system\Database\BaseBuilder.php(1615): CodeIgniter\Database\BaseConnection->query('SELECT *\nFROM `...', Array, false)
#4 C:\xampp\htdocs\Eleven\pepsicolabbi\system\Model.php(237): CodeIgniter\Database\BaseBuilder->get()
#5 C:\xampp\htdocs\Eleven\pepsicolabbi\system\BaseModel.php(624): CodeIgniter\Model->doFindAll(0, 0)
#6 C:\xampp\htdocs\Eleven\pepsicolabbi\app\Helpers\config_helper.php(10): CodeIgniter\BaseModel->findAll()
#7 C:\xampp\htdocs\Eleven\pepsicolabbi\app\Controllers\BaseController.php(81): get_config_bd()
#8 C:\xampp\htdocs\Eleven\pepsicolabbi\app\Controllers\Home.php(10): App\Controllers\BaseController->getData('admin')
#9 C:\xampp\htdocs\Eleven\pepsicolabbi\system\CodeIgniter.php(919): App\Controllers\Home->index()
#10 C:\xampp\htdocs\Eleven\pepsicolabbi\system\CodeIgniter.php(494): CodeIgniter\CodeIgniter->runController(Object(App\Controllers\Home))
#11 C:\xampp\htdocs\Eleven\pepsicolabbi\system\CodeIgniter.php(353): CodeIgniter\CodeIgniter->handleRequest(NULL, Object(Config\Cache), false)
#12 C:\xampp\htdocs\Eleven\pepsicolabbi\index.php(79): CodeIgniter\CodeIgniter->run()
#13 {main}

Next CodeIgniter\Database\Exceptions\DatabaseException: Host '138.122.96.181' is not allowed to connect to this MariaDB server in C:\xampp\htdocs\Eleven\pepsicolabbi\system\Database\MySQLi\Connection.php:229
Stack trace:
#0 C:\xampp\htdocs\Eleven\pepsicolabbi\system\Database\BaseConnection.php(391): CodeIgniter\Database\MySQLi\Connection->connect(false)
#1 C:\xampp\htdocs\Eleven\pepsicolabbi\system\Database\BaseConnection.php(574): CodeIgniter\Database\BaseConnection->initialize()
#2 C:\xampp\htdocs\Eleven\pepsicolabbi\system\Database\BaseBuilder.php(1615): CodeIgniter\Database\BaseConnection->query('SELECT *\nFROM `...', Array, false)
#3 C:\xampp\htdocs\Eleven\pepsicolabbi\system\Model.php(237): CodeIgniter\Database\BaseBuilder->get()
#4 C:\xampp\htdocs\Eleven\pepsicolabbi\system\BaseModel.php(624): CodeIgniter\Model->doFindAll(0, 0)
#5 C:\xampp\htdocs\Eleven\pepsicolabbi\app\Helpers\config_helper.php(10): CodeIgniter\BaseModel->findAll()
#6 C:\xampp\htdocs\Eleven\pepsicolabbi\app\Controllers\BaseController.php(81): get_config_bd()
#7 C:\xampp\htdocs\Eleven\pepsicolabbi\app\Controllers\Home.php(10): App\Controllers\BaseController->getData('admin')
#8 C:\xampp\htdocs\Eleven\pepsicolabbi\system\CodeIgniter.php(919): App\Controllers\Home->index()
#9 C:\xampp\htdocs\Eleven\pepsicolabbi\system\CodeIgniter.php(494): CodeIgniter\CodeIgniter->runController(Object(App\Controllers\Home))
#10 C:\xampp\htdocs\Eleven\pepsicolabbi\system\CodeIgniter.php(353): CodeIgniter\CodeIgniter->handleRequest(NULL, Object(Config\Cache), false)
#11 C:\xampp\htdocs\Eleven\pepsicolabbi\index.php(79): CodeIgniter\CodeIgniter->run()
#12 {main}
CRITICAL - 2024-05-20 11:05:57 --> Unable to connect to the database.
Main connection [MySQLi]: Host '138.122.96.181' is not allowed to connect to this MariaDB server
in SYSTEMPATH\Database\BaseConnection.php on line 427.
 1 SYSTEMPATH\Database\BaseConnection.php(574): CodeIgniter\Database\BaseConnection->initialize()
 2 SYSTEMPATH\Database\BaseBuilder.php(1615): CodeIgniter\Database\BaseConnection->query('SELECT *
FROM `settings`
WHERE `tipo` = :tipo:', [...], false)
 3 SYSTEMPATH\Model.php(237): CodeIgniter\Database\BaseBuilder->get()
 4 SYSTEMPATH\BaseModel.php(624): CodeIgniter\Model->doFindAll(0, 0)
 5 APPPATH\Helpers\config_helper.php(10): CodeIgniter\BaseModel->findAll()
 6 APPPATH\Controllers\BaseController.php(81): get_config_bd()
 7 APPPATH\Controllers\Home.php(10): App\Controllers\BaseController->getData('admin')
 8 SYSTEMPATH\CodeIgniter.php(919): App\Controllers\Home->index()
 9 SYSTEMPATH\CodeIgniter.php(494): CodeIgniter\CodeIgniter->runController(Object(App\Controllers\Home))
10 SYSTEMPATH\CodeIgniter.php(353): CodeIgniter\CodeIgniter->handleRequest(null, Object(Config\Cache), false)
11 FCPATH\index.php(79): CodeIgniter\CodeIgniter->run()
INFO - 2024-05-20 11:05:58 --> Session: Class initialized using 'CodeIgniter\Session\Handlers\FileHandler' driver.
ERROR - 2024-05-20 11:05:59 --> Error connecting to the database: mysqli_sql_exception: Host '138.122.96.181' is not allowed to connect to this MariaDB server in C:\xampp\htdocs\Eleven\pepsicolabbi\system\Database\MySQLi\Connection.php:185
Stack trace:
#0 C:\xampp\htdocs\Eleven\pepsicolabbi\system\Database\MySQLi\Connection.php(185): mysqli->real_connect('gamer64.com', 'gamer65_pepsico', 'GZ2leflMmM@J', 'gamer65_pepsico...', 3306, '', 0)
#1 C:\xampp\htdocs\Eleven\pepsicolabbi\system\Database\BaseConnection.php(391): CodeIgniter\Database\MySQLi\Connection->connect(false)
#2 C:\xampp\htdocs\Eleven\pepsicolabbi\system\Database\BaseConnection.php(574): CodeIgniter\Database\BaseConnection->initialize()
#3 C:\xampp\htdocs\Eleven\pepsicolabbi\system\Database\BaseBuilder.php(1615): CodeIgniter\Database\BaseConnection->query('SELECT *\nFROM `...', Array, false)
#4 C:\xampp\htdocs\Eleven\pepsicolabbi\system\Model.php(237): CodeIgniter\Database\BaseBuilder->get()
#5 C:\xampp\htdocs\Eleven\pepsicolabbi\system\BaseModel.php(624): CodeIgniter\Model->doFindAll(0, 0)
#6 C:\xampp\htdocs\Eleven\pepsicolabbi\app\Helpers\config_helper.php(10): CodeIgniter\BaseModel->findAll()
#7 C:\xampp\htdocs\Eleven\pepsicolabbi\app\Controllers\BaseController.php(81): get_config_bd()
#8 C:\xampp\htdocs\Eleven\pepsicolabbi\app\Controllers\Home.php(10): App\Controllers\BaseController->getData('admin')
#9 C:\xampp\htdocs\Eleven\pepsicolabbi\system\CodeIgniter.php(919): App\Controllers\Home->index()
#10 C:\xampp\htdocs\Eleven\pepsicolabbi\system\CodeIgniter.php(494): CodeIgniter\CodeIgniter->runController(Object(App\Controllers\Home))
#11 C:\xampp\htdocs\Eleven\pepsicolabbi\system\CodeIgniter.php(353): CodeIgniter\CodeIgniter->handleRequest(NULL, Object(Config\Cache), false)
#12 C:\xampp\htdocs\Eleven\pepsicolabbi\index.php(79): CodeIgniter\CodeIgniter->run()
#13 {main}

Next CodeIgniter\Database\Exceptions\DatabaseException: Host '138.122.96.181' is not allowed to connect to this MariaDB server in C:\xampp\htdocs\Eleven\pepsicolabbi\system\Database\MySQLi\Connection.php:229
Stack trace:
#0 C:\xampp\htdocs\Eleven\pepsicolabbi\system\Database\BaseConnection.php(391): CodeIgniter\Database\MySQLi\Connection->connect(false)
#1 C:\xampp\htdocs\Eleven\pepsicolabbi\system\Database\BaseConnection.php(574): CodeIgniter\Database\BaseConnection->initialize()
#2 C:\xampp\htdocs\Eleven\pepsicolabbi\system\Database\BaseBuilder.php(1615): CodeIgniter\Database\BaseConnection->query('SELECT *\nFROM `...', Array, false)
#3 C:\xampp\htdocs\Eleven\pepsicolabbi\system\Model.php(237): CodeIgniter\Database\BaseBuilder->get()
#4 C:\xampp\htdocs\Eleven\pepsicolabbi\system\BaseModel.php(624): CodeIgniter\Model->doFindAll(0, 0)
#5 C:\xampp\htdocs\Eleven\pepsicolabbi\app\Helpers\config_helper.php(10): CodeIgniter\BaseModel->findAll()
#6 C:\xampp\htdocs\Eleven\pepsicolabbi\app\Controllers\BaseController.php(81): get_config_bd()
#7 C:\xampp\htdocs\Eleven\pepsicolabbi\app\Controllers\Home.php(10): App\Controllers\BaseController->getData('admin')
#8 C:\xampp\htdocs\Eleven\pepsicolabbi\system\CodeIgniter.php(919): App\Controllers\Home->index()
#9 C:\xampp\htdocs\Eleven\pepsicolabbi\system\CodeIgniter.php(494): CodeIgniter\CodeIgniter->runController(Object(App\Controllers\Home))
#10 C:\xampp\htdocs\Eleven\pepsicolabbi\system\CodeIgniter.php(353): CodeIgniter\CodeIgniter->handleRequest(NULL, Object(Config\Cache), false)
#11 C:\xampp\htdocs\Eleven\pepsicolabbi\index.php(79): CodeIgniter\CodeIgniter->run()
#12 {main}
CRITICAL - 2024-05-20 11:05:59 --> Unable to connect to the database.
Main connection [MySQLi]: Host '138.122.96.181' is not allowed to connect to this MariaDB server
in SYSTEMPATH\Database\BaseConnection.php on line 427.
 1 SYSTEMPATH\Database\BaseConnection.php(574): CodeIgniter\Database\BaseConnection->initialize()
 2 SYSTEMPATH\Database\BaseBuilder.php(1615): CodeIgniter\Database\BaseConnection->query('SELECT *
FROM `settings`
WHERE `tipo` = :tipo:', [...], false)
 3 SYSTEMPATH\Model.php(237): CodeIgniter\Database\BaseBuilder->get()
 4 SYSTEMPATH\BaseModel.php(624): CodeIgniter\Model->doFindAll(0, 0)
 5 APPPATH\Helpers\config_helper.php(10): CodeIgniter\BaseModel->findAll()
 6 APPPATH\Controllers\BaseController.php(81): get_config_bd()
 7 APPPATH\Controllers\Home.php(10): App\Controllers\BaseController->getData('admin')
 8 SYSTEMPATH\CodeIgniter.php(919): App\Controllers\Home->index()
 9 SYSTEMPATH\CodeIgniter.php(494): CodeIgniter\CodeIgniter->runController(Object(App\Controllers\Home))
10 SYSTEMPATH\CodeIgniter.php(353): CodeIgniter\CodeIgniter->handleRequest(null, Object(Config\Cache), false)
11 FCPATH\index.php(79): CodeIgniter\CodeIgniter->run()
INFO - 2024-05-20 11:06:01 --> Session: Class initialized using 'CodeIgniter\Session\Handlers\FileHandler' driver.
ERROR - 2024-05-20 11:06:02 --> Error connecting to the database: mysqli_sql_exception: Host '138.122.96.181' is not allowed to connect to this MariaDB server in C:\xampp\htdocs\Eleven\pepsicolabbi\system\Database\MySQLi\Connection.php:185
Stack trace:
#0 C:\xampp\htdocs\Eleven\pepsicolabbi\system\Database\MySQLi\Connection.php(185): mysqli->real_connect('gamer64.com', 'gamer65_pepsico', 'GZ2leflMmM@J', 'gamer65_pepsico...', 3306, '', 0)
#1 C:\xampp\htdocs\Eleven\pepsicolabbi\system\Database\BaseConnection.php(391): CodeIgniter\Database\MySQLi\Connection->connect(false)
#2 C:\xampp\htdocs\Eleven\pepsicolabbi\system\Database\BaseConnection.php(574): CodeIgniter\Database\BaseConnection->initialize()
#3 C:\xampp\htdocs\Eleven\pepsicolabbi\system\Database\BaseBuilder.php(1615): CodeIgniter\Database\BaseConnection->query('SELECT *\nFROM `...', Array, false)
#4 C:\xampp\htdocs\Eleven\pepsicolabbi\system\Model.php(237): CodeIgniter\Database\BaseBuilder->get()
#5 C:\xampp\htdocs\Eleven\pepsicolabbi\system\BaseModel.php(624): CodeIgniter\Model->doFindAll(0, 0)
#6 C:\xampp\htdocs\Eleven\pepsicolabbi\app\Helpers\config_helper.php(10): CodeIgniter\BaseModel->findAll()
#7 C:\xampp\htdocs\Eleven\pepsicolabbi\app\Controllers\BaseController.php(81): get_config_bd()
#8 C:\xampp\htdocs\Eleven\pepsicolabbi\app\Controllers\Home.php(10): App\Controllers\BaseController->getData('admin')
#9 C:\xampp\htdocs\Eleven\pepsicolabbi\system\CodeIgniter.php(919): App\Controllers\Home->index()
#10 C:\xampp\htdocs\Eleven\pepsicolabbi\system\CodeIgniter.php(494): CodeIgniter\CodeIgniter->runController(Object(App\Controllers\Home))
#11 C:\xampp\htdocs\Eleven\pepsicolabbi\system\CodeIgniter.php(353): CodeIgniter\CodeIgniter->handleRequest(NULL, Object(Config\Cache), false)
#12 C:\xampp\htdocs\Eleven\pepsicolabbi\index.php(79): CodeIgniter\CodeIgniter->run()
#13 {main}

Next CodeIgniter\Database\Exceptions\DatabaseException: Host '138.122.96.181' is not allowed to connect to this MariaDB server in C:\xampp\htdocs\Eleven\pepsicolabbi\system\Database\MySQLi\Connection.php:229
Stack trace:
#0 C:\xampp\htdocs\Eleven\pepsicolabbi\system\Database\BaseConnection.php(391): CodeIgniter\Database\MySQLi\Connection->connect(false)
#1 C:\xampp\htdocs\Eleven\pepsicolabbi\system\Database\BaseConnection.php(574): CodeIgniter\Database\BaseConnection->initialize()
#2 C:\xampp\htdocs\Eleven\pepsicolabbi\system\Database\BaseBuilder.php(1615): CodeIgniter\Database\BaseConnection->query('SELECT *\nFROM `...', Array, false)
#3 C:\xampp\htdocs\Eleven\pepsicolabbi\system\Model.php(237): CodeIgniter\Database\BaseBuilder->get()
#4 C:\xampp\htdocs\Eleven\pepsicolabbi\system\BaseModel.php(624): CodeIgniter\Model->doFindAll(0, 0)
#5 C:\xampp\htdocs\Eleven\pepsicolabbi\app\Helpers\config_helper.php(10): CodeIgniter\BaseModel->findAll()
#6 C:\xampp\htdocs\Eleven\pepsicolabbi\app\Controllers\BaseController.php(81): get_config_bd()
#7 C:\xampp\htdocs\Eleven\pepsicolabbi\app\Controllers\Home.php(10): App\Controllers\BaseController->getData('admin')
#8 C:\xampp\htdocs\Eleven\pepsicolabbi\system\CodeIgniter.php(919): App\Controllers\Home->index()
#9 C:\xampp\htdocs\Eleven\pepsicolabbi\system\CodeIgniter.php(494): CodeIgniter\CodeIgniter->runController(Object(App\Controllers\Home))
#10 C:\xampp\htdocs\Eleven\pepsicolabbi\system\CodeIgniter.php(353): CodeIgniter\CodeIgniter->handleRequest(NULL, Object(Config\Cache), false)
#11 C:\xampp\htdocs\Eleven\pepsicolabbi\index.php(79): CodeIgniter\CodeIgniter->run()
#12 {main}
CRITICAL - 2024-05-20 11:06:02 --> Unable to connect to the database.
Main connection [MySQLi]: Host '138.122.96.181' is not allowed to connect to this MariaDB server
in SYSTEMPATH\Database\BaseConnection.php on line 427.
 1 SYSTEMPATH\Database\BaseConnection.php(574): CodeIgniter\Database\BaseConnection->initialize()
 2 SYSTEMPATH\Database\BaseBuilder.php(1615): CodeIgniter\Database\BaseConnection->query('SELECT *
FROM `settings`
WHERE `tipo` = :tipo:', [...], false)
 3 SYSTEMPATH\Model.php(237): CodeIgniter\Database\BaseBuilder->get()
 4 SYSTEMPATH\BaseModel.php(624): CodeIgniter\Model->doFindAll(0, 0)
 5 APPPATH\Helpers\config_helper.php(10): CodeIgniter\BaseModel->findAll()
 6 APPPATH\Controllers\BaseController.php(81): get_config_bd()
 7 APPPATH\Controllers\Home.php(10): App\Controllers\BaseController->getData('admin')
 8 SYSTEMPATH\CodeIgniter.php(919): App\Controllers\Home->index()
 9 SYSTEMPATH\CodeIgniter.php(494): CodeIgniter\CodeIgniter->runController(Object(App\Controllers\Home))
10 SYSTEMPATH\CodeIgniter.php(353): CodeIgniter\CodeIgniter->handleRequest(null, Object(Config\Cache), false)
11 FCPATH\index.php(79): CodeIgniter\CodeIgniter->run()
INFO - 2024-05-20 11:07:42 --> Session: Class initialized using 'CodeIgniter\Session\Handlers\FileHandler' driver.
INFO - 2024-05-20 11:33:13 --> Session: Class initialized using 'CodeIgniter\Session\Handlers\FileHandler' driver.
INFO - 2024-05-20 11:33:14 --> Session: Class initialized using 'CodeIgniter\Session\Handlers\FileHandler' driver.
INFO - 2024-05-20 11:33:15 --> Session: Class initialized using 'CodeIgniter\Session\Handlers\FileHandler' driver.
INFO - 2024-05-20 11:33:16 --> Session: Class initialized using 'CodeIgniter\Session\Handlers\FileHandler' driver.
INFO - 2024-05-20 11:33:16 --> Session: Class initialized using 'CodeIgniter\Session\Handlers\FileHandler' driver.
INFO - 2024-05-20 11:33:17 --> Session: Class initialized using 'CodeIgniter\Session\Handlers\FileHandler' driver.
INFO - 2024-05-20 11:33:17 --> Session: Class initialized using 'CodeIgniter\Session\Handlers\FileHandler' driver.
INFO - 2024-05-20 11:33:17 --> Session: Class initialized using 'CodeIgniter\Session\Handlers\FileHandler' driver.
INFO - 2024-05-20 11:33:18 --> Session: Class initialized using 'CodeIgniter\Session\Handlers\FileHandler' driver.
INFO - 2024-05-20 11:33:18 --> Session: Class initialized using 'CodeIgniter\Session\Handlers\FileHandler' driver.
INFO - 2024-05-20 11:33:18 --> Session: Class initialized using 'CodeIgniter\Session\Handlers\FileHandler' driver.
INFO - 2024-05-20 11:33:19 --> Session: Class initialized using 'CodeIgniter\Session\Handlers\FileHandler' driver.
INFO - 2024-05-20 11:33:19 --> Session: Class initialized using 'CodeIgniter\Session\Handlers\FileHandler' driver.
INFO - 2024-05-20 11:33:19 --> Session: Class initialized using 'CodeIgniter\Session\Handlers\FileHandler' driver.
INFO - 2024-05-20 11:33:20 --> Session: Class initialized using 'CodeIgniter\Session\Handlers\FileHandler' driver.
INFO - 2024-05-20 11:33:20 --> Session: Class initialized using 'CodeIgniter\Session\Handlers\FileHandler' driver.
INFO - 2024-05-20 11:33:20 --> Session: Class initialized using 'CodeIgniter\Session\Handlers\FileHandler' driver.
INFO - 2024-05-20 11:33:21 --> Session: Class initialized using 'CodeIgniter\Session\Handlers\FileHandler' driver.
INFO - 2024-05-20 11:33:21 --> Session: Class initialized using 'CodeIgniter\Session\Handlers\FileHandler' driver.
INFO - 2024-05-20 11:33:21 --> Session: Class initialized using 'CodeIgniter\Session\Handlers\FileHandler' driver.
INFO - 2024-05-20 11:33:22 --> Session: Class initialized using 'CodeIgniter\Session\Handlers\FileHandler' driver.
INFO - 2024-05-20 11:33:22 --> Session: Class initialized using 'CodeIgniter\Session\Handlers\FileHandler' driver.
INFO - 2024-05-20 11:33:22 --> Session: Class initialized using 'CodeIgniter\Session\Handlers\FileHandler' driver.
INFO - 2024-05-20 13:58:04 --> Session: Class initialized using 'CodeIgniter\Session\Handlers\FileHandler' driver.
INFO - 2024-05-20 13:58:10 --> Session: Class initialized using 'CodeIgniter\Session\Handlers\FileHandler' driver.
INFO - 2024-05-20 13:58:11 --> Session: Class initialized using 'CodeIgniter\Session\Handlers\FileHandler' driver.
INFO - 2024-05-20 13:58:12 --> Session: Class initialized using 'CodeIgniter\Session\Handlers\FileHandler' driver.
INFO - 2024-05-20 13:58:13 --> Session: Class initialized using 'CodeIgniter\Session\Handlers\FileHandler' driver.
INFO - 2024-05-20 13:58:13 --> Session: Class initialized using 'CodeIgniter\Session\Handlers\FileHandler' driver.
INFO - 2024-05-20 13:58:23 --> Session: Class initialized using 'CodeIgniter\Session\Handlers\FileHandler' driver.
INFO - 2024-05-20 14:06:09 --> Session: Class initialized using 'CodeIgniter\Session\Handlers\FileHandler' driver.
INFO - 2024-05-20 14:28:15 --> Session: Class initialized using 'CodeIgniter\Session\Handlers\FileHandler' driver.
INFO - 2024-05-20 14:28:19 --> Session: Class initialized using 'CodeIgniter\Session\Handlers\FileHandler' driver.
INFO - 2024-05-20 14:28:20 --> Session: Class initialized using 'CodeIgniter\Session\Handlers\FileHandler' driver.
INFO - 2024-05-20 14:28:20 --> Session: Class initialized using 'CodeIgniter\Session\Handlers\FileHandler' driver.
INFO - 2024-05-20 14:28:21 --> Session: Class initialized using 'CodeIgniter\Session\Handlers\FileHandler' driver.
INFO - 2024-05-20 14:28:21 --> Session: Class initialized using 'CodeIgniter\Session\Handlers\FileHandler' driver.
INFO - 2024-05-20 14:29:14 --> Session: Class initialized using 'CodeIgniter\Session\Handlers\FileHandler' driver.
INFO - 2024-05-20 14:43:22 --> Session: Class initialized using 'CodeIgniter\Session\Handlers\FileHandler' driver.
INFO - 2024-05-20 14:55:39 --> Session: Class initialized using 'CodeIgniter\Session\Handlers\FileHandler' driver.
INFO - 2024-05-20 14:56:15 --> Session: Class initialized using 'CodeIgniter\Session\Handlers\FileHandler' driver.
INFO - 2024-05-20 14:56:16 --> Session: Class initialized using 'CodeIgniter\Session\Handlers\FileHandler' driver.
INFO - 2024-05-20 15:31:23 --> Session: Class initialized using 'CodeIgniter\Session\Handlers\FileHandler' driver.
CRITICAL - 2024-05-20 15:31:24 --> validDataSession(): Argument #1 ($token) cannot be passed by reference
in APPPATH\Controllers\Admin.php on line 18.
 1 SYSTEMPATH\CodeIgniter.php(919): App\Controllers\Admin->index()
 2 SYSTEMPATH\CodeIgniter.php(494): CodeIgniter\CodeIgniter->runController(Object(App\Controllers\Admin))
 3 SYSTEMPATH\CodeIgniter.php(353): CodeIgniter\CodeIgniter->handleRequest(null, Object(Config\Cache), false)
 4 FCPATH\index.php(79): CodeIgniter\CodeIgniter->run()
INFO - 2024-05-20 15:31:36 --> Session: Class initialized using 'CodeIgniter\Session\Handlers\FileHandler' driver.
INFO - 2024-05-20 15:31:40 --> Session: Class initialized using 'CodeIgniter\Session\Handlers\FileHandler' driver.
INFO - 2024-05-20 15:31:41 --> Session: Class initialized using 'CodeIgniter\Session\Handlers\FileHandler' driver.
INFO - 2024-05-20 15:31:41 --> Session: Class initialized using 'CodeIgniter\Session\Handlers\FileHandler' driver.
INFO - 2024-05-20 15:31:42 --> Session: Class initialized using 'CodeIgniter\Session\Handlers\FileHandler' driver.
INFO - 2024-05-20 15:32:36 --> Session: Class initialized using 'CodeIgniter\Session\Handlers\FileHandler' driver.
INFO - 2024-05-20 15:32:41 --> Session: Class initialized using 'CodeIgniter\Session\Handlers\FileHandler' driver.
INFO - 2024-05-20 15:33:32 --> Session: Class initialized using 'CodeIgniter\Session\Handlers\FileHandler' driver.
CRITICAL - 2024-05-20 15:33:33 --> Undefined variable $token
in APPPATH\Controllers\Admin.php on line 18.
 1 APPPATH\Controllers\Admin.php(18): CodeIgniter\Debug\Exceptions->errorHandler(2, 'Undefined variable $token', 'C:\\xampp\\htdocs\\Eleven\\pepsicolabbi\\app\\Controllers\\Admin.php', 18)
 2 SYSTEMPATH\CodeIgniter.php(919): App\Controllers\Admin->index()
 3 SYSTEMPATH\CodeIgniter.php(494): CodeIgniter\CodeIgniter->runController(Object(App\Controllers\Admin))
 4 SYSTEMPATH\CodeIgniter.php(353): CodeIgniter\CodeIgniter->handleRequest(null, Object(Config\Cache), false)
 5 FCPATH\index.php(79): CodeIgniter\CodeIgniter->run()
INFO - 2024-05-20 15:43:53 --> Session: Class initialized using 'CodeIgniter\Session\Handlers\FileHandler' driver.
INFO - 2024-05-20 15:44:45 --> Session: Class initialized using 'CodeIgniter\Session\Handlers\FileHandler' driver.
INFO - 2024-05-20 15:44:58 --> Session: Class initialized using 'CodeIgniter\Session\Handlers\FileHandler' driver.
INFO - 2024-05-20 15:44:58 --> Session: Class initialized using 'CodeIgniter\Session\Handlers\FileHandler' driver.
INFO - 2024-05-20 15:45:20 --> Session: Class initialized using 'CodeIgniter\Session\Handlers\FileHandler' driver.
INFO - 2024-05-20 15:45:32 --> Session: Class initialized using 'CodeIgniter\Session\Handlers\FileHandler' driver.
INFO - 2024-05-20 15:45:40 --> Session: Class initialized using 'CodeIgniter\Session\Handlers\FileHandler' driver.
INFO - 2024-05-20 15:45:43 --> Session: Class initialized using 'CodeIgniter\Session\Handlers\FileHandler' driver.
INFO - 2024-05-20 15:45:50 --> Session: Class initialized using 'CodeIgniter\Session\Handlers\FileHandler' driver.
INFO - 2024-05-20 15:46:48 --> Session: Class initialized using 'CodeIgniter\Session\Handlers\FileHandler' driver.
INFO - 2024-05-20 15:47:07 --> Session: Class initialized using 'CodeIgniter\Session\Handlers\FileHandler' driver.
INFO - 2024-05-20 15:47:14 --> Session: Class initialized using 'CodeIgniter\Session\Handlers\FileHandler' driver.
INFO - 2024-05-20 15:48:35 --> Session: Class initialized using 'CodeIgniter\Session\Handlers\FileHandler' driver.
INFO - 2024-05-20 15:48:40 --> Session: Class initialized using 'CodeIgniter\Session\Handlers\FileHandler' driver.
INFO - 2024-05-20 15:48:43 --> Session: Class initialized using 'CodeIgniter\Session\Handlers\FileHandler' driver.
INFO - 2024-05-20 15:48:52 --> Session: Class initialized using 'CodeIgniter\Session\Handlers\FileHandler' driver.
INFO - 2024-05-20 15:48:58 --> Session: Class initialized using 'CodeIgniter\Session\Handlers\FileHandler' driver.
INFO - 2024-05-20 15:49:05 --> Session: Class initialized using 'CodeIgniter\Session\Handlers\FileHandler' driver.
INFO - 2024-05-20 16:50:15 --> Session: Class initialized using 'CodeIgniter\Session\Handlers\FileHandler' driver.
INFO - 2024-05-20 16:50:52 --> Session: Class initialized using 'CodeIgniter\Session\Handlers\FileHandler' driver.
INFO - 2024-05-20 16:50:56 --> Session: Class initialized using 'CodeIgniter\Session\Handlers\FileHandler' driver.
INFO - 2024-05-20 16:51:23 --> Session: Class initialized using 'CodeIgniter\Session\Handlers\FileHandler' driver.
INFO - 2024-05-20 16:51:44 --> Session: Class initialized using 'CodeIgniter\Session\Handlers\FileHandler' driver.
INFO - 2024-05-20 16:53:19 --> Session: Class initialized using 'CodeIgniter\Session\Handlers\FileHandler' driver.
INFO - 2024-05-20 16:53:38 --> Session: Class initialized using 'CodeIgniter\Session\Handlers\FileHandler' driver.
INFO - 2024-05-20 16:53:51 --> Session: Class initialized using 'CodeIgniter\Session\Handlers\FileHandler' driver.
INFO - 2024-05-20 16:55:41 --> Session: Class initialized using 'CodeIgniter\Session\Handlers\FileHandler' driver.
INFO - 2024-05-20 16:57:21 --> Session: Class initialized using 'CodeIgniter\Session\Handlers\FileHandler' driver.
INFO - 2024-05-20 16:57:22 --> Session: Class initialized using 'CodeIgniter\Session\Handlers\FileHandler' driver.
INFO - 2024-05-20 16:57:45 --> Session: Class initialized using 'CodeIgniter\Session\Handlers\FileHandler' driver.
INFO - 2024-05-20 16:57:48 --> Session: Class initialized using 'CodeIgniter\Session\Handlers\FileHandler' driver.
INFO - 2024-05-20 16:57:58 --> Session: Class initialized using 'CodeIgniter\Session\Handlers\FileHandler' driver.
INFO - 2024-05-20 16:57:59 --> Session: Class initialized using 'CodeIgniter\Session\Handlers\FileHandler' driver.
INFO - 2024-05-20 16:58:08 --> Session: Class initialized using 'CodeIgniter\Session\Handlers\FileHandler' driver.
INFO - 2024-05-20 16:58:11 --> Session: Class initialized using 'CodeIgniter\Session\Handlers\FileHandler' driver.
INFO - 2024-05-20 16:58:16 --> Session: Class initialized using 'CodeIgniter\Session\Handlers\FileHandler' driver.
INFO - 2024-05-20 16:58:20 --> Session: Class initialized using 'CodeIgniter\Session\Handlers\FileHandler' driver.
INFO - 2024-05-20 16:58:24 --> Session: Class initialized using 'CodeIgniter\Session\Handlers\FileHandler' driver.
INFO - 2024-05-20 16:58:28 --> Session: Class initialized using 'CodeIgniter\Session\Handlers\FileHandler' driver.
INFO - 2024-05-20 16:58:37 --> Session: Class initialized using 'CodeIgniter\Session\Handlers\FileHandler' driver.
INFO - 2024-05-20 17:05:29 --> Session: Class initialized using 'CodeIgniter\Session\Handlers\FileHandler' driver.
INFO - 2024-05-20 17:05:47 --> Session: Class initialized using 'CodeIgniter\Session\Handlers\FileHandler' driver.
INFO - 2024-05-20 17:05:47 --> Session: Class initialized using 'CodeIgniter\Session\Handlers\FileHandler' driver.
INFO - 2024-05-20 17:05:54 --> Session: Class initialized using 'CodeIgniter\Session\Handlers\FileHandler' driver.
INFO - 2024-05-20 17:06:02 --> Session: Class initialized using 'CodeIgniter\Session\Handlers\FileHandler' driver.
INFO - 2024-05-20 19:30:48 --> Session: Class initialized using 'CodeIgniter\Session\Handlers\FileHandler' driver.
