ERROR - 2023-12-17 20:45:44 --> mysqli_sql_exception: You have an error in your SQL syntax; check the manual that corresponds to your MariaDB server version for the right syntax to use near 'ORDER BY fecha, hora' at line 3 in C:\xampp\htdocs\Eleven\pepsicolabbi\system\Database\MySQLi\Connection.php:306
Stack trace:
#0 C:\xampp\htdocs\Eleven\pepsicolabbi\system\Database\MySQLi\Connection.php(306): mysqli->query('SELECT * FROM v...', 0)
#1 C:\xampp\htdocs\Eleven\pepsicolabbi\system\Database\BaseConnection.php(692): CodeIgniter\Database\MySQLi\Connection->execute('SELECT * FROM v...')
#2 C:\xampp\htdocs\Eleven\pepsicolabbi\system\Database\BaseConnection.php(606): CodeIgniter\Database\BaseConnection->simpleQuery('SELECT * FROM v...')
#3 C:\xampp\htdocs\Eleven\pepsicolabbi\app\Helpers\respuesta_helper.php(530): CodeIgniter\Database\BaseConnection->query('SELECT * FROM v...')
#4 C:\xampp\htdocs\Eleven\pepsicolabbi\app\Controllers\Admin.php(60): get_encuesta_descarga('', 0)
#5 C:\xampp\htdocs\Eleven\pepsicolabbi\system\CodeIgniter.php(919): App\Controllers\Admin->encuestadescarga('1')
#6 C:\xampp\htdocs\Eleven\pepsicolabbi\system\CodeIgniter.php(494): CodeIgniter\CodeIgniter->runController(Object(App\Controllers\Admin))
#7 C:\xampp\htdocs\Eleven\pepsicolabbi\system\CodeIgniter.php(353): CodeIgniter\CodeIgniter->handleRequest(NULL, Object(Config\Cache), false)
#8 C:\xampp\htdocs\Eleven\pepsicolabbi\index.php(79): CodeIgniter\CodeIgniter->run()
#9 {main}
CRITICAL - 2023-12-17 20:45:44 --> You have an error in your SQL syntax; check the manual that corresponds to your MariaDB server version for the right syntax to use near 'ORDER BY fecha, hora' at line 3
in SYSTEMPATH\Database\BaseConnection.php on line 646.
 1 APPPATH\Helpers\respuesta_helper.php(530): CodeIgniter\Database\BaseConnection->query('SELECT * FROM v_encuestas_enviadas
               WHERE id_encuesta = 
               ORDER BY fecha, hora')
 2 APPPATH\Controllers\Admin.php(60): get_encuesta_descarga('', 0)
 3 SYSTEMPATH\CodeIgniter.php(919): App\Controllers\Admin->encuestadescarga('1')
 4 SYSTEMPATH\CodeIgniter.php(494): CodeIgniter\CodeIgniter->runController(Object(App\Controllers\Admin))
 5 SYSTEMPATH\CodeIgniter.php(353): CodeIgniter\CodeIgniter->handleRequest(null, Object(Config\Cache), false)
 6 FCPATH\index.php(79): CodeIgniter\CodeIgniter->run()
