CRITICAL - 2024-01-11 10:32:17 --> Undefined variable $imgname
in APPPATH\Views\banners\list.php on line 44.
 1 APPPATH\Views\banners\list.php(44): CodeIgniter\Debug\Exceptions->errorHandler(2, 'Undefined variable $imgname', 'C:\\xampp\\htdocs\\Eleven\\pepsicolabbi\\app\\Views\\banners\\list.php', 44)
 2 SYSTEMPATH\View\View.php(226): include('C:\\xampp\\htdocs\\Eleven\\pepsicolabbi\\app\\Views\\banners\\list.php')
 3 SYSTEMPATH\View\View.php(229): CodeIgniter\View\View->CodeIgniter\View\{closure}()
 4 SYSTEMPATH\Common.php(1188): CodeIgniter\View\View->render('banners/list', [], true)
 5 APPPATH\Controllers\Banners.php(46): view('banners/list', [...])
 6 SYSTEMPATH\CodeIgniter.php(919): App\Controllers\Banners->index('1')
 7 SYSTEMPATH\CodeIgniter.php(494): CodeIgniter\CodeIgniter->runController(Object(App\Controllers\Banners))
 8 SYSTEMPATH\CodeIgniter.php(353): CodeIgniter\CodeIgniter->handleRequest(null, Object(Config\Cache), false)
 9 FCPATH\index.php(79): CodeIgniter\CodeIgniter->run()
ERROR - 2024-01-11 22:46:59 --> Error connecting to the database: ErrorException: mysqli::real_connect(): php_network_getaddresses: getaddrinfo failed: Host desconocido.  in C:\xampp\htdocs\Eleven\pepsicolabbi\system\Database\MySQLi\Connection.php:185
Stack trace:
#0 [internal function]: CodeIgniter\Debug\Exceptions->errorHandler(2, 'mysqli::real_co...', 'C:\\xampp\\htdocs...', 185)
#1 C:\xampp\htdocs\Eleven\pepsicolabbi\system\Database\MySQLi\Connection.php(185): mysqli->real_connect('gamer64.com', 'gamer65_pepsico', 'GZ2leflMmM@J', 'gamer65_pepsico...', 3306, '', 0)
#2 C:\xampp\htdocs\Eleven\pepsicolabbi\system\Database\BaseConnection.php(391): CodeIgniter\Database\MySQLi\Connection->connect(false)
#3 C:\xampp\htdocs\Eleven\pepsicolabbi\system\Database\BaseConnection.php(574): CodeIgniter\Database\BaseConnection->initialize()
#4 C:\xampp\htdocs\Eleven\pepsicolabbi\system\Database\BaseBuilder.php(1615): CodeIgniter\Database\BaseConnection->query('SELECT *\nFROM `...', Array, false)
#5 C:\xampp\htdocs\Eleven\pepsicolabbi\system\Model.php(237): CodeIgniter\Database\BaseBuilder->get()
#6 C:\xampp\htdocs\Eleven\pepsicolabbi\system\BaseModel.php(624): CodeIgniter\Model->doFindAll(0, 0)
#7 C:\xampp\htdocs\Eleven\pepsicolabbi\app\Helpers\config_helper.php(10): CodeIgniter\BaseModel->findAll()
#8 C:\xampp\htdocs\Eleven\pepsicolabbi\app\Controllers\BaseController.php(81): get_config_bd()
#9 C:\xampp\htdocs\Eleven\pepsicolabbi\app\Controllers\Admin.php(15): App\Controllers\BaseController->getData('admin')
#10 C:\xampp\htdocs\Eleven\pepsicolabbi\system\CodeIgniter.php(919): App\Controllers\Admin->index()
#11 C:\xampp\htdocs\Eleven\pepsicolabbi\system\CodeIgniter.php(494): CodeIgniter\CodeIgniter->runController(Object(App\Controllers\Admin))
#12 C:\xampp\htdocs\Eleven\pepsicolabbi\system\CodeIgniter.php(353): CodeIgniter\CodeIgniter->handleRequest(NULL, Object(Config\Cache), false)
#13 C:\xampp\htdocs\Eleven\pepsicolabbi\index.php(79): CodeIgniter\CodeIgniter->run()
#14 {main}

Next mysqli_sql_exception: php_network_getaddresses: getaddrinfo failed: Host desconocido.  in C:\xampp\htdocs\Eleven\pepsicolabbi\system\Database\MySQLi\Connection.php:185
Stack trace:
#0 C:\xampp\htdocs\Eleven\pepsicolabbi\system\Database\MySQLi\Connection.php(185): mysqli->real_connect('gamer64.com', 'gamer65_pepsico', 'GZ2leflMmM@J', 'gamer65_pepsico...', 3306, '', 0)
#1 C:\xampp\htdocs\Eleven\pepsicolabbi\system\Database\BaseConnection.php(391): CodeIgniter\Database\MySQLi\Connection->connect(false)
#2 C:\xampp\htdocs\Eleven\pepsicolabbi\system\Database\BaseConnection.php(574): CodeIgniter\Database\BaseConnection->initialize()
#3 C:\xampp\htdocs\Eleven\pepsicolabbi\system\Database\BaseBuilder.php(1615): CodeIgniter\Database\BaseConnection->query('SELECT *\nFROM `...', Array, false)
#4 C:\xampp\htdocs\Eleven\pepsicolabbi\system\Model.php(237): CodeIgniter\Database\BaseBuilder->get()
#5 C:\xampp\htdocs\Eleven\pepsicolabbi\system\BaseModel.php(624): CodeIgniter\Model->doFindAll(0, 0)
#6 C:\xampp\htdocs\Eleven\pepsicolabbi\app\Helpers\config_helper.php(10): CodeIgniter\BaseModel->findAll()
#7 C:\xampp\htdocs\Eleven\pepsicolabbi\app\Controllers\BaseController.php(81): get_config_bd()
#8 C:\xampp\htdocs\Eleven\pepsicolabbi\app\Controllers\Admin.php(15): App\Controllers\BaseController->getData('admin')
#9 C:\xampp\htdocs\Eleven\pepsicolabbi\system\CodeIgniter.php(919): App\Controllers\Admin->index()
#10 C:\xampp\htdocs\Eleven\pepsicolabbi\system\CodeIgniter.php(494): CodeIgniter\CodeIgniter->runController(Object(App\Controllers\Admin))
#11 C:\xampp\htdocs\Eleven\pepsicolabbi\system\CodeIgniter.php(353): CodeIgniter\CodeIgniter->handleRequest(NULL, Object(Config\Cache), false)
#12 C:\xampp\htdocs\Eleven\pepsicolabbi\index.php(79): CodeIgniter\CodeIgniter->run()
#13 {main}

Next CodeIgniter\Database\Exceptions\DatabaseException: php_network_getaddresses: getaddrinfo failed: Host desconocido.  in C:\xampp\htdocs\Eleven\pepsicolabbi\system\Database\MySQLi\Connection.php:229
Stack trace:
#0 C:\xampp\htdocs\Eleven\pepsicolabbi\system\Database\BaseConnection.php(391): CodeIgniter\Database\MySQLi\Connection->connect(false)
#1 C:\xampp\htdocs\Eleven\pepsicolabbi\system\Database\BaseConnection.php(574): CodeIgniter\Database\BaseConnection->initialize()
#2 C:\xampp\htdocs\Eleven\pepsicolabbi\system\Database\BaseBuilder.php(1615): CodeIgniter\Database\BaseConnection->query('SELECT *\nFROM `...', Array, false)
#3 C:\xampp\htdocs\Eleven\pepsicolabbi\system\Model.php(237): CodeIgniter\Database\BaseBuilder->get()
#4 C:\xampp\htdocs\Eleven\pepsicolabbi\system\BaseModel.php(624): CodeIgniter\Model->doFindAll(0, 0)
#5 C:\xampp\htdocs\Eleven\pepsicolabbi\app\Helpers\config_helper.php(10): CodeIgniter\BaseModel->findAll()
#6 C:\xampp\htdocs\Eleven\pepsicolabbi\app\Controllers\BaseController.php(81): get_config_bd()
#7 C:\xampp\htdocs\Eleven\pepsicolabbi\app\Controllers\Admin.php(15): App\Controllers\BaseController->getData('admin')
#8 C:\xampp\htdocs\Eleven\pepsicolabbi\system\CodeIgniter.php(919): App\Controllers\Admin->index()
#9 C:\xampp\htdocs\Eleven\pepsicolabbi\system\CodeIgniter.php(494): CodeIgniter\CodeIgniter->runController(Object(App\Controllers\Admin))
#10 C:\xampp\htdocs\Eleven\pepsicolabbi\system\CodeIgniter.php(353): CodeIgniter\CodeIgniter->handleRequest(NULL, Object(Config\Cache), false)
#11 C:\xampp\htdocs\Eleven\pepsicolabbi\index.php(79): CodeIgniter\CodeIgniter->run()
#12 {main}
CRITICAL - 2024-01-11 22:46:59 --> Unable to connect to the database.
Main connection [MySQLi]: php_network_getaddresses: getaddrinfo failed: Host desconocido. 
in SYSTEMPATH\Database\BaseConnection.php on line 427.
 1 SYSTEMPATH\Database\BaseConnection.php(574): CodeIgniter\Database\BaseConnection->initialize()
 2 SYSTEMPATH\Database\BaseBuilder.php(1615): CodeIgniter\Database\BaseConnection->query('SELECT *
FROM `settings`
WHERE `tipo` = :tipo:', [...], false)
 3 SYSTEMPATH\Model.php(237): CodeIgniter\Database\BaseBuilder->get()
 4 SYSTEMPATH\BaseModel.php(624): CodeIgniter\Model->doFindAll(0, 0)
 5 APPPATH\Helpers\config_helper.php(10): CodeIgniter\BaseModel->findAll()
 6 APPPATH\Controllers\BaseController.php(81): get_config_bd()
 7 APPPATH\Controllers\Admin.php(15): App\Controllers\BaseController->getData('admin')
 8 SYSTEMPATH\CodeIgniter.php(919): App\Controllers\Admin->index()
 9 SYSTEMPATH\CodeIgniter.php(494): CodeIgniter\CodeIgniter->runController(Object(App\Controllers\Admin))
10 SYSTEMPATH\CodeIgniter.php(353): CodeIgniter\CodeIgniter->handleRequest(null, Object(Config\Cache), false)
11 FCPATH\index.php(79): CodeIgniter\CodeIgniter->run()
