CRITICAL - 2024-01-10 12:08:55 --> Undefined variable $data
in APPPATH\Views\encuestas\listopc.php on line 44.
 1 APPPATH\Views\encuestas\listopc.php(44): CodeIgniter\Debug\Exceptions->errorHandler(2, 'Undefined variable $data', 'C:\\xampp\\htdocs\\Eleven\\pepsicolabbi\\app\\Views\\encuestas\\listopc.php', 44)
 2 SYSTEMPATH\View\View.php(226): include('C:\\xampp\\htdocs\\Eleven\\pepsicolabbi\\app\\Views\\encuestas\\listopc.php')
 3 SYSTEMPATH\View\View.php(229): CodeIgniter\View\View->CodeIgniter\View\{closure}()
 4 SYSTEMPATH\Common.php(1188): CodeIgniter\View\View->render('encuestas/listopc', [], true)
 5 APPPATH\Controllers\Encuestas.php(357): view('encuestas/listopc', [...])
 6 SYSTEMPATH\CodeIgniter.php(919): App\Controllers\Encuestas->indexopc('1', 'bUdjRG5GeWxvQ1lFQVVMckR0cFRLUT09', 'WWFES3hRVmFDVzJiRGJ1NGJrcUNLQT09')
 7 SYSTEMPATH\CodeIgniter.php(494): CodeIgniter\CodeIgniter->runController(Object(App\Controllers\Encuestas))
 8 SYSTEMPATH\CodeIgniter.php(353): CodeIgniter\CodeIgniter->handleRequest(null, Object(Config\Cache), false)
 9 FCPATH\index.php(79): CodeIgniter\CodeIgniter->run()
CRITICAL - 2024-01-10 12:39:23 --> Undefined variable $imgname
in APPPATH\Views\encuestas\editopc.php on line 46.
 1 APPPATH\Views\encuestas\editopc.php(46): CodeIgniter\Debug\Exceptions->errorHandler(2, 'Undefined variable $imgname', 'C:\\xampp\\htdocs\\Eleven\\pepsicolabbi\\app\\Views\\encuestas\\editopc.php', 46)
 2 SYSTEMPATH\View\View.php(226): include('C:\\xampp\\htdocs\\Eleven\\pepsicolabbi\\app\\Views\\encuestas\\editopc.php')
 3 SYSTEMPATH\View\View.php(229): CodeIgniter\View\View->CodeIgniter\View\{closure}()
 4 SYSTEMPATH\Common.php(1188): CodeIgniter\View\View->render('encuestas/editopc', [], true)
 5 APPPATH\Controllers\Encuestas.php(408): view('encuestas/editopc', [...])
 6 SYSTEMPATH\CodeIgniter.php(919): App\Controllers\Encuestas->editopc('53', '8', 'bUdjRG5GeWxvQ1lFQVVMckR0cFRLUT09')
 7 SYSTEMPATH\CodeIgniter.php(494): CodeIgniter\CodeIgniter->runController(Object(App\Controllers\Encuestas))
 8 SYSTEMPATH\CodeIgniter.php(353): CodeIgniter\CodeIgniter->handleRequest(null, Object(Config\Cache), false)
 9 FCPATH\index.php(79): CodeIgniter\CodeIgniter->run()
CRITICAL - 2024-01-10 12:58:51 --> Undefined variable $imgname
in APPPATH\Views\encuestas\editopc.php on line 41.
 1 APPPATH\Views\encuestas\editopc.php(41): CodeIgniter\Debug\Exceptions->errorHandler(2, 'Undefined variable $imgname', 'C:\\xampp\\htdocs\\Eleven\\pepsicolabbi\\app\\Views\\encuestas\\editopc.php', 41)
 2 SYSTEMPATH\View\View.php(226): include('C:\\xampp\\htdocs\\Eleven\\pepsicolabbi\\app\\Views\\encuestas\\editopc.php')
 3 SYSTEMPATH\View\View.php(229): CodeIgniter\View\View->CodeIgniter\View\{closure}()
 4 SYSTEMPATH\Common.php(1188): CodeIgniter\View\View->render('encuestas/editopc', [], true)
 5 APPPATH\Controllers\Encuestas.php(408): view('encuestas/editopc', [...])
 6 SYSTEMPATH\CodeIgniter.php(919): App\Controllers\Encuestas->editopc('53', '8', 'bUdjRG5GeWxvQ1lFQVVMckR0cFRLUT09')
 7 SYSTEMPATH\CodeIgniter.php(494): CodeIgniter\CodeIgniter->runController(Object(App\Controllers\Encuestas))
 8 SYSTEMPATH\CodeIgniter.php(353): CodeIgniter\CodeIgniter->handleRequest(null, Object(Config\Cache), false)
 9 FCPATH\index.php(79): CodeIgniter\CodeIgniter->run()
CRITICAL - 2024-01-10 13:05:45 --> Undefined variable $imgname
in APPPATH\Views\encuestas\editopc.php on line 41.
 1 APPPATH\Views\encuestas\editopc.php(41): CodeIgniter\Debug\Exceptions->errorHandler(2, 'Undefined variable $imgname', 'C:\\xampp\\htdocs\\Eleven\\pepsicolabbi\\app\\Views\\encuestas\\editopc.php', 41)
 2 SYSTEMPATH\View\View.php(226): include('C:\\xampp\\htdocs\\Eleven\\pepsicolabbi\\app\\Views\\encuestas\\editopc.php')
 3 SYSTEMPATH\View\View.php(229): CodeIgniter\View\View->CodeIgniter\View\{closure}()
 4 SYSTEMPATH\Common.php(1188): CodeIgniter\View\View->render('encuestas/editopc', [], true)
 5 APPPATH\Controllers\Encuestas.php(408): view('encuestas/editopc', [...])
 6 SYSTEMPATH\CodeIgniter.php(919): App\Controllers\Encuestas->editopc('53', '8', 'bUdjRG5GeWxvQ1lFQVVMckR0cFRLUT09')
 7 SYSTEMPATH\CodeIgniter.php(494): CodeIgniter\CodeIgniter->runController(Object(App\Controllers\Encuestas))
 8 SYSTEMPATH\CodeIgniter.php(353): CodeIgniter\CodeIgniter->handleRequest(null, Object(Config\Cache), false)
 9 FCPATH\index.php(79): CodeIgniter\CodeIgniter->run()
CRITICAL - 2024-01-10 13:24:32 --> Undefined variable $imagesopc
in APPPATH\Views\encuestas\edit.php on line 32.
 1 APPPATH\Views\encuestas\edit.php(32): CodeIgniter\Debug\Exceptions->errorHandler(2, 'Undefined variable $imagesopc', 'C:\\xampp\\htdocs\\Eleven\\pepsicolabbi\\app\\Views\\encuestas\\edit.php', 32)
 2 SYSTEMPATH\View\View.php(226): include('C:\\xampp\\htdocs\\Eleven\\pepsicolabbi\\app\\Views\\encuestas\\edit.php')
 3 SYSTEMPATH\View\View.php(229): CodeIgniter\View\View->CodeIgniter\View\{closure}()
 4 SYSTEMPATH\Common.php(1188): CodeIgniter\View\View->render('encuestas/edit', [], true)
 5 APPPATH\Controllers\Encuestas.php(80): view('encuestas/edit', [...])
 6 SYSTEMPATH\CodeIgniter.php(919): App\Controllers\Encuestas->edit('1')
 7 SYSTEMPATH\CodeIgniter.php(494): CodeIgniter\CodeIgniter->runController(Object(App\Controllers\Encuestas))
 8 SYSTEMPATH\CodeIgniter.php(353): CodeIgniter\CodeIgniter->handleRequest(null, Object(Config\Cache), false)
 9 FCPATH\index.php(79): CodeIgniter\CodeIgniter->run()
CRITICAL - 2024-01-10 13:58:05 --> Undefined variable $imagesopcpor
in APPPATH\Views\encuestas\create.php on line 41.
 1 APPPATH\Views\encuestas\create.php(41): CodeIgniter\Debug\Exceptions->errorHandler(2, 'Undefined variable $imagesopcpor', 'C:\\xampp\\htdocs\\Eleven\\pepsicolabbi\\app\\Views\\encuestas\\create.php', 41)
 2 SYSTEMPATH\View\View.php(226): include('C:\\xampp\\htdocs\\Eleven\\pepsicolabbi\\app\\Views\\encuestas\\create.php')
 3 SYSTEMPATH\View\View.php(229): CodeIgniter\View\View->CodeIgniter\View\{closure}()
 4 SYSTEMPATH\Common.php(1188): CodeIgniter\View\View->render('encuestas/create', [], true)
 5 APPPATH\Controllers\Encuestas.php(65): view('encuestas/create', [...])
 6 SYSTEMPATH\CodeIgniter.php(919): App\Controllers\Encuestas->create()
 7 SYSTEMPATH\CodeIgniter.php(494): CodeIgniter\CodeIgniter->runController(Object(App\Controllers\Encuestas))
 8 SYSTEMPATH\CodeIgniter.php(353): CodeIgniter\CodeIgniter->handleRequest(null, Object(Config\Cache), false)
 9 FCPATH\index.php(79): CodeIgniter\CodeIgniter->run()
