CRITICAL - 2024-03-22 18:43:32 --> Cannot use try without catch or finally
in APPPATH\Helpers\respuesta_helper.php on line 969.
 1 [internal function]: CodeIgniter\Debug\Exceptions->shutdownHandler()
CRITICAL - 2024-03-22 18:44:06 --> Cannot use try without catch or finally
in APPPATH\Helpers\respuesta_helper.php on line 965.
 1 [internal function]: CodeIgniter\Debug\Exceptions->shutdownHandler()
CRITICAL - 2024-03-22 12:46:31 --> CodeIgniter\Database\BaseConnection::query(): Argument #1 ($sql) must be of type string, CodeIgniter\Database\MySQLi\Result given, called in C:\xampp\htdocs\Eleven\pepsicolabbi\app\Helpers\respuesta_helper.php on line 1003
in SYSTEMPATH\Database\BaseConnection.php on line 569.
 1 APPPATH\Helpers\respuesta_helper.php(1003): CodeIgniter\Database\BaseConnection->query(Object(CodeIgniter\Database\MySQLi\Result))
 2 APPPATH\Controllers\Admin.php(406): get_data_respuestas('', '03', '03')
 3 SYSTEMPATH\CodeIgniter.php(919): App\Controllers\Admin->filtrarRespuesta('2024', '03', '03', '')
 4 SYSTEMPATH\CodeIgniter.php(494): CodeIgniter\CodeIgniter->runController(Object(App\Controllers\Admin))
 5 SYSTEMPATH\CodeIgniter.php(353): CodeIgniter\CodeIgniter->handleRequest(null, Object(Config\Cache), false)
 6 FCPATH\index.php(79): CodeIgniter\CodeIgniter->run()
CRITICAL - 2024-03-22 13:38:16 --> Undefined array key "nombre"
in APPPATH\Helpers\respuesta_helper.php on line 1014.
 1 APPPATH\Helpers\respuesta_helper.php(1014): CodeIgniter\Debug\Exceptions->errorHandler(2, 'Undefined array key "nombre"', 'C:\\xampp\\htdocs\\Eleven\\pepsicolabbi\\app\\Helpers\\respuesta_helper.php', 1014)
 2 APPPATH\Controllers\Admin.php(404): get_data_respuestas('', '2024', '03')
 3 SYSTEMPATH\CodeIgniter.php(919): App\Controllers\Admin->filtrarRespuesta('1', '2024', '03', '', '')
 4 SYSTEMPATH\CodeIgniter.php(494): CodeIgniter\CodeIgniter->runController(Object(App\Controllers\Admin))
 5 SYSTEMPATH\CodeIgniter.php(353): CodeIgniter\CodeIgniter->handleRequest(null, Object(Config\Cache), false)
 6 FCPATH\index.php(79): CodeIgniter\CodeIgniter->run()
CRITICAL - 2024-03-22 13:38:57 --> Undefined array key "nombre"
in APPPATH\Helpers\respuesta_helper.php on line 1014.
 1 APPPATH\Helpers\respuesta_helper.php(1014): CodeIgniter\Debug\Exceptions->errorHandler(2, 'Undefined array key "nombre"', 'C:\\xampp\\htdocs\\Eleven\\pepsicolabbi\\app\\Helpers\\respuesta_helper.php', 1014)
 2 APPPATH\Controllers\Admin.php(404): get_data_respuestas('', '2024', '03')
 3 SYSTEMPATH\CodeIgniter.php(919): App\Controllers\Admin->filtrarRespuesta('1', '2024', '03', '', '')
 4 SYSTEMPATH\CodeIgniter.php(494): CodeIgniter\CodeIgniter->runController(Object(App\Controllers\Admin))
 5 SYSTEMPATH\CodeIgniter.php(353): CodeIgniter\CodeIgniter->handleRequest(null, Object(Config\Cache), false)
 6 FCPATH\index.php(79): CodeIgniter\CodeIgniter->run()
ERROR - 2024-03-22 13:43:21 --> mysqli_sql_exception: You have an error in your SQL syntax; check the manual that corresponds to your MariaDB server version for the right syntax to use near 'AND DATE_FORMAT(STR_TO_DATE(fecha,'%d/%m/%Y'),'%m/%Y') ='03/2024'' at line 3 in C:\xampp\htdocs\Eleven\pepsicolabbi\system\Database\MySQLi\Connection.php:306
Stack trace:
#0 C:\xampp\htdocs\Eleven\pepsicolabbi\system\Database\MySQLi\Connection.php(306): mysqli->query('SELECT * FROM v...', 0)
#1 C:\xampp\htdocs\Eleven\pepsicolabbi\system\Database\BaseConnection.php(692): CodeIgniter\Database\MySQLi\Connection->execute('SELECT * FROM v...')
#2 C:\xampp\htdocs\Eleven\pepsicolabbi\system\Database\BaseConnection.php(606): CodeIgniter\Database\BaseConnection->simpleQuery('SELECT * FROM v...')
#3 C:\xampp\htdocs\Eleven\pepsicolabbi\app\Helpers\respuesta_helper.php(1039): CodeIgniter\Database\BaseConnection->query('SELECT * FROM v...')
#4 C:\xampp\htdocs\Eleven\pepsicolabbi\app\Controllers\Admin.php(373): get_data_beta('', '2024', '03')
#5 C:\xampp\htdocs\Eleven\pepsicolabbi\system\CodeIgniter.php(919): App\Controllers\Admin->filtraBetaJoin('1', '2024', '03', '', '')
#6 C:\xampp\htdocs\Eleven\pepsicolabbi\system\CodeIgniter.php(494): CodeIgniter\CodeIgniter->runController(Object(App\Controllers\Admin))
#7 C:\xampp\htdocs\Eleven\pepsicolabbi\system\CodeIgniter.php(353): CodeIgniter\CodeIgniter->handleRequest(NULL, Object(Config\Cache), false)
#8 C:\xampp\htdocs\Eleven\pepsicolabbi\index.php(79): CodeIgniter\CodeIgniter->run()
#9 {main}
CRITICAL - 2024-03-22 13:43:21 --> You have an error in your SQL syntax; check the manual that corresponds to your MariaDB server version for the right syntax to use near 'AND DATE_FORMAT(STR_TO_DATE(fecha,'%d/%m/%Y'),'%m/%Y') ='03/2024'' at line 3
in SYSTEMPATH\Database\BaseConnection.php on line 646.
 1 APPPATH\Helpers\respuesta_helper.php(1039): CodeIgniter\Database\BaseConnection->query('SELECT * FROM v_encuestas_enviadas
        WHERE id_encuesta = 
        AND DATE_FORMAT(STR_TO_DATE(fecha,\'%d/%m/%Y\'),\'%m/%Y\') =\'03/2024\';')
 2 APPPATH\Controllers\Admin.php(373): get_data_beta('', '2024', '03')
 3 SYSTEMPATH\CodeIgniter.php(919): App\Controllers\Admin->filtraBetaJoin('1', '2024', '03', '', '')
 4 SYSTEMPATH\CodeIgniter.php(494): CodeIgniter\CodeIgniter->runController(Object(App\Controllers\Admin))
 5 SYSTEMPATH\CodeIgniter.php(353): CodeIgniter\CodeIgniter->handleRequest(null, Object(Config\Cache), false)
 6 FCPATH\index.php(79): CodeIgniter\CodeIgniter->run()
ERROR - 2024-03-22 13:43:36 --> mysqli_sql_exception: You have an error in your SQL syntax; check the manual that corresponds to your MariaDB server version for the right syntax to use near 'and date_format(fecha,'%m/%Y') = '03/2024'' at line 1 in C:\xampp\htdocs\Eleven\pepsicolabbi\system\Database\MySQLi\Connection.php:306
Stack trace:
#0 C:\xampp\htdocs\Eleven\pepsicolabbi\system\Database\MySQLi\Connection.php(306): mysqli->query('SELECT * from e...', 0)
#1 C:\xampp\htdocs\Eleven\pepsicolabbi\system\Database\BaseConnection.php(692): CodeIgniter\Database\MySQLi\Connection->execute('SELECT * from e...')
#2 C:\xampp\htdocs\Eleven\pepsicolabbi\system\Database\BaseConnection.php(606): CodeIgniter\Database\BaseConnection->simpleQuery('SELECT * from e...')
#3 C:\xampp\htdocs\Eleven\pepsicolabbi\app\Helpers\respuesta_helper.php(971): CodeIgniter\Database\BaseConnection->query('SELECT * from e...')
#4 C:\xampp\htdocs\Eleven\pepsicolabbi\app\Controllers\Admin.php(346): get_data_encuestas('', '2024', '03')
#5 C:\xampp\htdocs\Eleven\pepsicolabbi\system\CodeIgniter.php(919): App\Controllers\Admin->filtraEncuesta('1', '2024', '03', '', '')
#6 C:\xampp\htdocs\Eleven\pepsicolabbi\system\CodeIgniter.php(494): CodeIgniter\CodeIgniter->runController(Object(App\Controllers\Admin))
#7 C:\xampp\htdocs\Eleven\pepsicolabbi\system\CodeIgniter.php(353): CodeIgniter\CodeIgniter->handleRequest(NULL, Object(Config\Cache), false)
#8 C:\xampp\htdocs\Eleven\pepsicolabbi\index.php(79): CodeIgniter\CodeIgniter->run()
#9 {main}
CRITICAL - 2024-03-22 13:43:36 --> You have an error in your SQL syntax; check the manual that corresponds to your MariaDB server version for the right syntax to use near 'and date_format(fecha,'%m/%Y') = '03/2024'' at line 1
in SYSTEMPATH\Database\BaseConnection.php on line 646.
 1 APPPATH\Helpers\respuesta_helper.php(971): CodeIgniter\Database\BaseConnection->query('SELECT * from enviadas where id_encuesta =  and date_format(fecha,\'%m/%Y\') = \'03/2024\';')
 2 APPPATH\Controllers\Admin.php(346): get_data_encuestas('', '2024', '03')
 3 SYSTEMPATH\CodeIgniter.php(919): App\Controllers\Admin->filtraEncuesta('1', '2024', '03', '', '')
 4 SYSTEMPATH\CodeIgniter.php(494): CodeIgniter\CodeIgniter->runController(Object(App\Controllers\Admin))
 5 SYSTEMPATH\CodeIgniter.php(353): CodeIgniter\CodeIgniter->handleRequest(null, Object(Config\Cache), false)
 6 FCPATH\index.php(79): CodeIgniter\CodeIgniter->run()
ERROR - 2024-03-22 13:45:02 --> mysqli_sql_exception: You have an error in your SQL syntax; check the manual that corresponds to your MariaDB server version for the right syntax to use near 'AND DATE_FORMAT(STR_TO_DATE(fecha,'%d/%m/%Y'),'%m/%Y') ='03/2024'' at line 3 in C:\xampp\htdocs\Eleven\pepsicolabbi\system\Database\MySQLi\Connection.php:306
Stack trace:
#0 C:\xampp\htdocs\Eleven\pepsicolabbi\system\Database\MySQLi\Connection.php(306): mysqli->query('SELECT * FROM v...', 0)
#1 C:\xampp\htdocs\Eleven\pepsicolabbi\system\Database\BaseConnection.php(692): CodeIgniter\Database\MySQLi\Connection->execute('SELECT * FROM v...')
#2 C:\xampp\htdocs\Eleven\pepsicolabbi\system\Database\BaseConnection.php(606): CodeIgniter\Database\BaseConnection->simpleQuery('SELECT * FROM v...')
#3 C:\xampp\htdocs\Eleven\pepsicolabbi\app\Helpers\respuesta_helper.php(1039): CodeIgniter\Database\BaseConnection->query('SELECT * FROM v...')
#4 C:\xampp\htdocs\Eleven\pepsicolabbi\app\Controllers\Admin.php(373): get_data_beta('', '2024', '03')
#5 C:\xampp\htdocs\Eleven\pepsicolabbi\system\CodeIgniter.php(919): App\Controllers\Admin->filtraBetaJoin('1', '2024', '03', '', '')
#6 C:\xampp\htdocs\Eleven\pepsicolabbi\system\CodeIgniter.php(494): CodeIgniter\CodeIgniter->runController(Object(App\Controllers\Admin))
#7 C:\xampp\htdocs\Eleven\pepsicolabbi\system\CodeIgniter.php(353): CodeIgniter\CodeIgniter->handleRequest(NULL, Object(Config\Cache), false)
#8 C:\xampp\htdocs\Eleven\pepsicolabbi\index.php(79): CodeIgniter\CodeIgniter->run()
#9 {main}
CRITICAL - 2024-03-22 13:45:02 --> You have an error in your SQL syntax; check the manual that corresponds to your MariaDB server version for the right syntax to use near 'AND DATE_FORMAT(STR_TO_DATE(fecha,'%d/%m/%Y'),'%m/%Y') ='03/2024'' at line 3
in SYSTEMPATH\Database\BaseConnection.php on line 646.
 1 APPPATH\Helpers\respuesta_helper.php(1039): CodeIgniter\Database\BaseConnection->query('SELECT * FROM v_encuestas_enviadas
        WHERE id_encuesta = 
        AND DATE_FORMAT(STR_TO_DATE(fecha,\'%d/%m/%Y\'),\'%m/%Y\') =\'03/2024\';')
 2 APPPATH\Controllers\Admin.php(373): get_data_beta('', '2024', '03')
 3 SYSTEMPATH\CodeIgniter.php(919): App\Controllers\Admin->filtraBetaJoin('1', '2024', '03', '', '')
 4 SYSTEMPATH\CodeIgniter.php(494): CodeIgniter\CodeIgniter->runController(Object(App\Controllers\Admin))
 5 SYSTEMPATH\CodeIgniter.php(353): CodeIgniter\CodeIgniter->handleRequest(null, Object(Config\Cache), false)
 6 FCPATH\index.php(79): CodeIgniter\CodeIgniter->run()
CRITICAL - 2024-03-22 14:49:11 --> Undefined variable $list_encuestas
in APPPATH\Views\admin\VerDataFiltrada.php on line 10.
 1 APPPATH\Views\admin\VerDataFiltrada.php(10): CodeIgniter\Debug\Exceptions->errorHandler(2, 'Undefined variable $list_encuestas', 'C:\\xampp\\htdocs\\Eleven\\pepsicolabbi\\app\\Views\\admin\\VerDataFiltrada.php', 10)
 2 SYSTEMPATH\View\View.php(226): include('C:\\xampp\\htdocs\\Eleven\\pepsicolabbi\\app\\Views\\admin\\VerDataFiltrada.php')
 3 SYSTEMPATH\View\View.php(229): CodeIgniter\View\View->CodeIgniter\View\{closure}()
 4 SYSTEMPATH\Common.php(1188): CodeIgniter\View\View->render('admin/VerDataFiltrada', [], true)
 5 APPPATH\Controllers\Admin.php(326): view('admin/VerDataFiltrada', [...])
 6 SYSTEMPATH\CodeIgniter.php(919): App\Controllers\Admin->FiltrarData('bUdjRG5GeWxvQ1lFQVVMckR0cFRLUT09')
 7 SYSTEMPATH\CodeIgniter.php(494): CodeIgniter\CodeIgniter->runController(Object(App\Controllers\Admin))
 8 SYSTEMPATH\CodeIgniter.php(353): CodeIgniter\CodeIgniter->handleRequest(null, Object(Config\Cache), false)
 9 FCPATH\index.php(79): CodeIgniter\CodeIgniter->run()
ERROR - 2024-03-22 15:59:38 --> mysqli_sql_exception: You have an error in your SQL syntax; check the manual that corresponds to your MariaDB server version for the right syntax to use near '00:00:00
    AND fecha <= 2024-02-22 12:00:00' at line 3 in C:\xampp\htdocs\Eleven\pepsicolabbi\system\Database\MySQLi\Connection.php:306
Stack trace:
#0 C:\xampp\htdocs\Eleven\pepsicolabbi\system\Database\MySQLi\Connection.php(306): mysqli->query('SELECT * from e...', 0)
#1 C:\xampp\htdocs\Eleven\pepsicolabbi\system\Database\BaseConnection.php(692): CodeIgniter\Database\MySQLi\Connection->execute('SELECT * from e...')
#2 C:\xampp\htdocs\Eleven\pepsicolabbi\system\Database\BaseConnection.php(606): CodeIgniter\Database\BaseConnection->simpleQuery('SELECT * from e...')
#3 C:\xampp\htdocs\Eleven\pepsicolabbi\app\Helpers\respuesta_helper.php(978): CodeIgniter\Database\BaseConnection->query('SELECT * from e...')
#4 C:\xampp\htdocs\Eleven\pepsicolabbi\app\Controllers\Admin.php(347): get_data_encuestas('1', '2024-02-22', '2024-02-22')
#5 C:\xampp\htdocs\Eleven\pepsicolabbi\system\CodeIgniter.php(919): App\Controllers\Admin->filtraEncuesta('bUdjRG5GeWxvQ1l...', '2024-02-22', '2024-02-22', '', '')
#6 C:\xampp\htdocs\Eleven\pepsicolabbi\system\CodeIgniter.php(494): CodeIgniter\CodeIgniter->runController(Object(App\Controllers\Admin))
#7 C:\xampp\htdocs\Eleven\pepsicolabbi\system\CodeIgniter.php(353): CodeIgniter\CodeIgniter->handleRequest(NULL, Object(Config\Cache), false)
#8 C:\xampp\htdocs\Eleven\pepsicolabbi\index.php(79): CodeIgniter\CodeIgniter->run()
#9 {main}
CRITICAL - 2024-03-22 15:59:38 --> You have an error in your SQL syntax; check the manual that corresponds to your MariaDB server version for the right syntax to use near '00:00:00
    AND fecha <= 2024-02-22 12:00:00' at line 3
in SYSTEMPATH\Database\BaseConnection.php on line 646.
 1 APPPATH\Helpers\respuesta_helper.php(978): CodeIgniter\Database\BaseConnection->query('SELECT * from enviadas 
    WHERE id_encuesta = 1 
    AND fecha >= 2024-02-22 00:00:00
    AND fecha <= 2024-02-22 12:00:00;')
 2 APPPATH\Controllers\Admin.php(347): get_data_encuestas('1', '2024-02-22', '2024-02-22')
 3 SYSTEMPATH\CodeIgniter.php(919): App\Controllers\Admin->filtraEncuesta('bUdjRG5GeWxvQ1lFQVVMckR0cFRLUT09', '2024-02-22', '2024-02-22', '', '')
 4 SYSTEMPATH\CodeIgniter.php(494): CodeIgniter\CodeIgniter->runController(Object(App\Controllers\Admin))
 5 SYSTEMPATH\CodeIgniter.php(353): CodeIgniter\CodeIgniter->handleRequest(null, Object(Config\Cache), false)
 6 FCPATH\index.php(79): CodeIgniter\CodeIgniter->run()
ERROR - 2024-03-22 16:01:23 --> mysqli_sql_exception: You have an error in your SQL syntax; check the manual that corresponds to your MariaDB server version for the right syntax to use near '00:00:00
    AND fecha <= 2024-02-22 12:00:00' at line 3 in C:\xampp\htdocs\Eleven\pepsicolabbi\system\Database\MySQLi\Connection.php:306
Stack trace:
#0 C:\xampp\htdocs\Eleven\pepsicolabbi\system\Database\MySQLi\Connection.php(306): mysqli->query('SELECT * from e...', 0)
#1 C:\xampp\htdocs\Eleven\pepsicolabbi\system\Database\BaseConnection.php(692): CodeIgniter\Database\MySQLi\Connection->execute('SELECT * from e...')
#2 C:\xampp\htdocs\Eleven\pepsicolabbi\system\Database\BaseConnection.php(606): CodeIgniter\Database\BaseConnection->simpleQuery('SELECT * from e...')
#3 C:\xampp\htdocs\Eleven\pepsicolabbi\app\Helpers\respuesta_helper.php(978): CodeIgniter\Database\BaseConnection->query('SELECT * from e...')
#4 C:\xampp\htdocs\Eleven\pepsicolabbi\app\Controllers\Admin.php(347): get_data_encuestas('1', '2024-02-22', '2024-02-22')
#5 C:\xampp\htdocs\Eleven\pepsicolabbi\system\CodeIgniter.php(919): App\Controllers\Admin->filtraEncuesta('bUdjRG5GeWxvQ1l...', '2024-02-22', '2024-02-22', '', '')
#6 C:\xampp\htdocs\Eleven\pepsicolabbi\system\CodeIgniter.php(494): CodeIgniter\CodeIgniter->runController(Object(App\Controllers\Admin))
#7 C:\xampp\htdocs\Eleven\pepsicolabbi\system\CodeIgniter.php(353): CodeIgniter\CodeIgniter->handleRequest(NULL, Object(Config\Cache), false)
#8 C:\xampp\htdocs\Eleven\pepsicolabbi\index.php(79): CodeIgniter\CodeIgniter->run()
#9 {main}
CRITICAL - 2024-03-22 16:01:23 --> You have an error in your SQL syntax; check the manual that corresponds to your MariaDB server version for the right syntax to use near '00:00:00
    AND fecha <= 2024-02-22 12:00:00' at line 3
in SYSTEMPATH\Database\BaseConnection.php on line 646.
 1 APPPATH\Helpers\respuesta_helper.php(978): CodeIgniter\Database\BaseConnection->query('SELECT * from enviadas 
    WHERE id_encuesta = 1 
    AND fecha >= 2024-02-22 00:00:00
    AND fecha <= 2024-02-22 12:00:00;')
 2 APPPATH\Controllers\Admin.php(347): get_data_encuestas('1', '2024-02-22', '2024-02-22')
 3 SYSTEMPATH\CodeIgniter.php(919): App\Controllers\Admin->filtraEncuesta('bUdjRG5GeWxvQ1lFQVVMckR0cFRLUT09', '2024-02-22', '2024-02-22', '', '')
 4 SYSTEMPATH\CodeIgniter.php(494): CodeIgniter\CodeIgniter->runController(Object(App\Controllers\Admin))
 5 SYSTEMPATH\CodeIgniter.php(353): CodeIgniter\CodeIgniter->handleRequest(null, Object(Config\Cache), false)
 6 FCPATH\index.php(79): CodeIgniter\CodeIgniter->run()
